Using pre-set license
Built from '2021.1/staging' branch; Version is '2021.1.6f1 (c0fade0cc7e9) revision 12647134'; Using compiler version '192528614'; Build Type 'Release'
OS: 'Windows 10 Home; OS build 19042.1110; Version 2009; 64bit' Language: 'ru' Physical Memory: 6021 MB
BatchMode: 1, IsHumanControllingUs: 0, StartBugReporterOnCrash: 0, Is64bit: 1, IsPro: 0

 COMMAND LINE ARGUMENTS:
C:\Program Files\Unity\Hub\Editor\2021.1.6f1\Editor\Unity.exe
-adb2
-batchMode
-noUpm
-name
AssetImportWorker0
-projectPath
C:/games/Bullet_Game
-logFile
Logs/AssetImportWorker0.log
-srvPort
63883
Successfully changed project path to: C:/games/Bullet_Game
C:/games/Bullet_Game
Using Asset Import Pipeline V2.
Refreshing native plugins compatible for Editor in 118.24 ms, found 2 plugins.
Preloading 0 native plugins for Editor in 0.00 ms.
Initialize engine version: 2021.1.6f1 (c0fade0cc7e9)
[Subsystems] Discovering subsystems at path C:/Program Files/Unity/Hub/Editor/2021.1.6f1/Editor/Data/Resources/UnitySubsystems
[Subsystems] Discovering subsystems at path C:/games/Bullet_Game/Assets
GfxDevice: creating device client; threaded=0; jobified=0
Direct3D:
    Version:  Direct3D 11.0 [level 11.1]
    Renderer: NVIDIA GeForce GTX 1050 (ID=0x1c91)
    Vendor:   NVIDIA
    VRAM:     2996 MB
    Driver:   27.21.14.6280
Initialize mono
Mono path[0] = 'C:/Program Files/Unity/Hub/Editor/2021.1.6f1/Editor/Data/Managed'
Mono path[1] = 'C:/Program Files/Unity/Hub/Editor/2021.1.6f1/Editor/Data/MonoBleedingEdge/lib/mono/unityjit'
Mono config path = 'C:/Program Files/Unity/Hub/Editor/2021.1.6f1/Editor/Data/MonoBleedingEdge/etc'
Using monoOptions --debugger-agent=transport=dt_socket,embedding=1,server=y,suspend=n,address=127.0.0.1:56436
Begin MonoManager ReloadAssembly
Registering precompiled unity dll's ...
Register platform support module: C:/Program Files/Unity/Hub/Editor/2021.1.6f1/Editor/Data/PlaybackEngines/WindowsStandaloneSupport/UnityEditor.WindowsStandalone.Extensions.dll
Registered in 0.006706 seconds.
Native extension for WindowsStandalone target not found
Refreshing native plugins compatible for Editor in 111.27 ms, found 2 plugins.
Preloading 0 native plugins for Editor in 0.00 ms.
Mono: successfully reloaded assembly
- Completed reload, in  5.603 seconds
Platform modules already initialized, skipping
Registering precompiled user dll's ...
Registered in 0.008246 seconds.
Begin MonoManager ReloadAssembly
Native extension for WindowsStandalone target not found
Refreshing native plugins compatible for Editor in 115.31 ms, found 2 plugins.
Preloading 0 native plugins for Editor in 0.00 ms.
Mono: successfully reloaded assembly
- Completed reload, in  1.610 seconds
Platform modules already initialized, skipping
========================================================================
Worker process is ready to serve import requests
Launched and connected shader compiler UnityShaderCompiler.exe after 0.11 seconds
Refreshing native plugins compatible for Editor in 0.79 ms, found 2 plugins.
Preloading 0 native plugins for Editor in 0.00 ms.
Unloading 3391 Unused Serialized files (Serialized files now loaded: 0)
System memory in use before: 128.4 MB.
System memory in use after: 128.5 MB.

Unloading 29 unused Assets to reduce memory usage. Loaded Objects now: 3845.
Total: 3.971400 ms (FindLiveObjects: 0.494600 ms CreateObjectMapping: 0.265100 ms MarkObjects: 3.042900 ms  DeleteObjects: 0.166100 ms)

========================================================================
Received Import Request.
  path: Assets/Preafabs/Player 1.prefab
  artifactKey: Guid(1f0573cb3ad21ec49811bca96fa1843f) Importer(815301076,1909f56bfc062723c751e8b465ee728b)
Start importing Assets/Preafabs/Player 1.prefab using Guid(1f0573cb3ad21ec49811bca96fa1843f) Importer(815301076,1909f56bfc062723c751e8b465ee728b)  -> (artifact id: 'c9d8585f6898f15bc8e149702e64ca38') in 0.149891 seconds 
========================================================================
Received Prepare
Registering precompiled user dll's ...
Registered in 0.007981 seconds.
Begin MonoManager ReloadAssembly
Native extension for WindowsStandalone target not found
Refreshing native plugins compatible for Editor in 0.84 ms, found 2 plugins.
Preloading 0 native plugins for Editor in 0.00 ms.
Mono: successfully reloaded assembly
- Completed reload, in  1.491 seconds
Platform modules already initialized, skipping
Refreshing native plugins compatible for Editor in 0.83 ms, found 2 plugins.
Preloading 0 native plugins for Editor in 0.00 ms.
Unloading 3386 Unused Serialized files (Serialized files now loaded: 0)
System memory in use before: 132.1 MB.
System memory in use after: 132.2 MB.

Unloading 17 unused Assets to reduce memory usage. Loaded Objects now: 3856.
Total: 3.523300 ms (FindLiveObjects: 0.354200 ms CreateObjectMapping: 0.107200 ms MarkObjects: 2.921400 ms  DeleteObjects: 0.138600 ms)

========================================================================
Received Prepare
Registering precompiled user dll's ...
Registered in 0.007709 seconds.
Begin MonoManager ReloadAssembly
Native extension for WindowsStandalone target not found
Refreshing native plugins compatible for Editor in 1.05 ms, found 2 plugins.
Preloading 0 native plugins for Editor in 0.00 ms.
Mono: successfully reloaded assembly
- Completed reload, in  1.563 seconds
Platform modules already initialized, skipping
Refreshing native plugins compatible for Editor in 1.17 ms, found 2 plugins.
Preloading 0 native plugins for Editor in 0.00 ms.
Unloading 3386 Unused Serialized files (Serialized files now loaded: 0)
System memory in use before: 132.2 MB.
System memory in use after: 132.3 MB.

Unloading 17 unused Assets to reduce memory usage. Loaded Objects now: 3860.
Total: 4.134000 ms (FindLiveObjects: 0.370800 ms CreateObjectMapping: 0.122900 ms MarkObjects: 3.478300 ms  DeleteObjects: 0.159900 ms)

========================================================================
Received Prepare
Registering precompiled user dll's ...
Registered in 0.008301 seconds.
Begin MonoManager ReloadAssembly
Native extension for WindowsStandalone target not found
Refreshing native plugins compatible for Editor in 0.88 ms, found 2 plugins.
Preloading 0 native plugins for Editor in 0.00 ms.
Mono: successfully reloaded assembly
- Completed reload, in  1.355 seconds
Platform modules already initialized, skipping
Refreshing native plugins compatible for Editor in 0.81 ms, found 2 plugins.
Preloading 0 native plugins for Editor in 0.00 ms.
Unloading 3386 Unused Serialized files (Serialized files now loaded: 0)
System memory in use before: 132.2 MB.
System memory in use after: 132.3 MB.

Unloading 17 unused Assets to reduce memory usage. Loaded Objects now: 3864.
Total: 3.474000 ms (FindLiveObjects: 0.467100 ms CreateObjectMapping: 0.203600 ms MarkObjects: 2.659600 ms  DeleteObjects: 0.141700 ms)

AssetImportWorkerClient::OnTransportError - code=2 error=End of file
